{"uid":"5692f2761f9e0cde","name":"telegramBannerTest()","fullName":"tests.mobile.MobileTests.telegramBannerTest","historyId":"eea9b5147c2d051c0692a34282c29934","time":{"start":1684322002270,"stop":1684322030537,"duration":28267},"description":"Проверка работы подписки на Telegram через баннер на главной странице","descriptionHtml":"<p>Проверка работы подписки на Telegram через баннер на главной странице</p>\n","status":"failed","statusMessage":"Element not found {.tgme_page_title span}\nExpected: exist\nScreenshot: file:/home/runner/work/qa-final-project/qa-final-project/build/reports/tests/1684322028650.3.png\nPage source: file:/home/runner/work/qa-final-project/qa-final-project/build/reports/tests/1684322028650.3.html\nTimeout: 4 s.\nCaused by: NoSuchElementException: no such element: Unable to locate element: {\"method\":\"css selector\",\"selector\":\".tgme_page_title span\"}","statusTrace":"Element not found {.tgme_page_title span}\nExpected: exist\nScreenshot: file:/home/runner/work/qa-final-project/qa-final-project/build/reports/tests/1684322028650.3.png\nPage source: file:/home/runner/work/qa-final-project/qa-final-project/build/reports/tests/1684322028650.3.html\nTimeout: 4 s.\nCaused by: NoSuchElementException: no such element: Unable to locate element: {\"method\":\"css selector\",\"selector\":\".tgme_page_title span\"}\n\tat com.codeborne.selenide.impl.WebElementSource.createElementNotFoundError(WebElementSource.java:88)\n\tat com.codeborne.selenide.impl.ElementFinder.createElementNotFoundError(ElementFinder.java:142)\n\tat com.codeborne.selenide.impl.WebElementSource.handleError(WebElementSource.java:140)\n\tat com.codeborne.selenide.impl.WebElementSource.checkConditionAndReturnElement(WebElementSource.java:124)\n\tat com.codeborne.selenide.impl.WebElementSource.checkCondition(WebElementSource.java:101)\n\tat com.codeborne.selenide.commands.Should.execute(Should.java:30)\n\tat com.codeborne.selenide.commands.Should.execute(Should.java:14)\n\tat com.codeborne.selenide.commands.Commands.execute(Commands.java:159)\n\tat com.codeborne.selenide.impl.SelenideElementProxy.dispatchAndRetry(SelenideElementProxy.java:132)\n\tat com.codeborne.selenide.impl.SelenideElementProxy.invoke(SelenideElementProxy.java:84)\n\tat jdk.proxy2/jdk.proxy2.$Proxy27.should(Unknown Source)\n\tat pages.mobile.TelegramPage.checkChatTitle(TelegramPage.java:14)\n\tat tests.mobile.MobileTests.telegramBannerTest(MobileTests.java:124)\n\tat java.base/jdk.internal.reflect.NativeMethodAccessorImpl.invoke0(Native Method)\n\tat java.base/jdk.internal.reflect.NativeMethodAccessorImpl.invoke(NativeMethodAccessorImpl.java:77)\n\tat java.base/jdk.internal.reflect.DelegatingMethodAccessorImpl.invoke(DelegatingMethodAccessorImpl.java:43)\n\tat java.base/java.lang.reflect.Method.invoke(Method.java:568)\n\tat org.junit.platform.commons.util.ReflectionUtils.invokeMethod(ReflectionUtils.java:727)\n\tat org.junit.jupiter.engine.execution.MethodInvocation.proceed(MethodInvocation.java:60)\n\tat org.junit.jupiter.engine.execution.InvocationInterceptorChain$ValidatingInvocation.proceed(InvocationInterceptorChain.java:131)\n\tat org.junit.jupiter.api.extension.InvocationInterceptor.interceptTestMethod(InvocationInterceptor.java:118)\n\tat org.junit.jupiter.engine.execution.InterceptingExecutableInvoker$ReflectiveInterceptorCall.lambda$ofVoidMethod$0(InterceptingExecutableInvoker.java:103)\n\tat org.junit.jupiter.engine.execution.InterceptingExecutableInvoker.lambda$invoke$0(InterceptingExecutableInvoker.java:93)\n\tat org.junit.jupiter.engine.execution.InvocationInterceptorChain$InterceptedInvocation.proceed(InvocationInterceptorChain.java:106)\n\tat org.junit.jupiter.engine.extension.TimeoutExtension.intercept(TimeoutExtension.java:156)\n\tat org.junit.jupiter.engine.extension.TimeoutExtension.interceptTestableMethod(TimeoutExtension.java:147)\n\tat org.junit.jupiter.engine.extension.TimeoutExtension.interceptTestMethod(TimeoutExtension.java:86)\n\tat org.junit.jupiter.engine.execution.InterceptingExecutableInvoker$ReflectiveInterceptorCall.lambda$ofVoidMethod$0(InterceptingExecutableInvoker.java:103)\n\tat org.junit.jupiter.engine.execution.InterceptingExecutableInvoker.lambda$invoke$0(InterceptingExecutableInvoker.java:93)\n\tat org.junit.jupiter.engine.execution.InvocationInterceptorChain$InterceptedInvocation.proceed(InvocationInterceptorChain.java:106)\n\tat org.junit.jupiter.engine.execution.InvocationInterceptorChain.proceed(InvocationInterceptorChain.java:64)\n\tat org.junit.jupiter.engine.execution.InvocationInterceptorChain.chainAndInvoke(InvocationInterceptorChain.java:45)\n\tat org.junit.jupiter.engine.execution.InvocationInterceptorChain.invoke(InvocationInterceptorChain.java:37)\n\tat org.junit.jupiter.engine.execution.InterceptingExecutableInvoker.invoke(InterceptingExecutableInvoker.java:92)\n\tat org.junit.jupiter.engine.execution.InterceptingExecutableInvoker.invoke(InterceptingExecutableInvoker.java:86)\n\tat org.junit.jupiter.engine.descriptor.TestMethodTestDescriptor.lambda$invokeTestMethod$7(TestMethodTestDescriptor.java:217)\n\tat org.junit.platform.engine.support.hierarchical.ThrowableCollector.execute(ThrowableCollector.java:73)\n\tat org.junit.jupiter.engine.descriptor.TestMethodTestDescriptor.invokeTestMethod(TestMethodTestDescriptor.java:213)\n\tat org.junit.jupiter.engine.descriptor.TestMethodTestDescriptor.execute(TestMethodTestDescriptor.java:138)\n\tat org.junit.jupiter.engine.descriptor.TestMethodTestDescriptor.execute(TestMethodTestDescriptor.java:68)\n\tat org.junit.platform.engine.support.hierarchical.NodeTestTask.lambda$executeRecursively$6(NodeTestTask.java:151)\n\tat org.junit.platform.engine.support.hierarchical.ThrowableCollector.execute(ThrowableCollector.java:73)\n\tat org.junit.platform.engine.support.hierarchical.NodeTestTask.lambda$executeRecursively$8(NodeTestTask.java:141)\n\tat org.junit.platform.engine.support.hierarchical.Node.around(Node.java:137)\n\tat org.junit.platform.engine.support.hierarchical.NodeTestTask.lambda$executeRecursively$9(NodeTestTask.java:139)\n\tat org.junit.platform.engine.support.hierarchical.ThrowableCollector.execute(ThrowableCollector.java:73)\n\tat org.junit.platform.engine.support.hierarchical.NodeTestTask.executeRecursively(NodeTestTask.java:138)\n\tat org.junit.platform.engine.support.hierarchical.NodeTestTask.execute(NodeTestTask.java:95)\n\tat org.junit.platform.engine.support.hierarchical.ForkJoinPoolHierarchicalTestExecutorService$ExclusiveTask.compute(ForkJoinPoolHierarchicalTestExecutorService.java:202)\n\tat java.base/java.util.concurrent.RecursiveAction.exec(RecursiveAction.java:194)\n\tat java.base/java.util.concurrent.ForkJoinTask.doExec(ForkJoinTask.java:373)\n\tat java.base/java.util.concurrent.ForkJoinPool$WorkQueue.topLevelExec(ForkJoinPool.java:1182)\n\tat java.base/java.util.concurrent.ForkJoinPool.scan(ForkJoinPool.java:1655)\n\tat java.base/java.util.concurrent.ForkJoinPool.runWorker(ForkJoinPool.java:1622)\n\tat java.base/java.util.concurrent.ForkJoinWorkerThread.run(ForkJoinWorkerThread.java:165)\nCaused by: org.openqa.selenium.NoSuchElementException: no such element: Unable to locate element: {\"method\":\"css selector\",\"selector\":\".tgme_page_title span\"}\n  (Session info: chrome=113.0.5672.63)\nFor documentation on this error, please visit: https://selenium.dev/exceptions/#no_such_element\nBuild info: version: '4.8.3', revision: 'e5e76298c3'\nSystem info: os.name: 'Linux', os.arch: 'amd64', os.version: '5.15.0-1037-azure', java.version: '17.0.7'\nDriver info: org.openqa.selenium.chrome.ChromeDriver\nCommand: [5df0a3d59e1e5dd1b92e7961a668cbed, findElement {using=css selector, value=.tgme_page_title span}]\nCapabilities {acceptInsecureCerts: true, browserName: chrome, browserVersion: 113.0.5672.63, chrome: {chromedriverVersion: 113.0.5672.63 (0e1a4471d5ae..., userDataDir: /tmp/.com.google.Chrome.rK2vdC}, goog:chromeOptions: {debuggerAddress: localhost:42499}, networkConnectionEnabled: false, pageLoadStrategy: eager, platformName: LINUX, proxy: Proxy(), se:cdp: ws://localhost:42499/devtoo..., se:cdpVersion: 113.0.5672.63, setWindowRect: true, strictFileInteractability: false, timeouts: {implicit: 0, pageLoad: 300000, script: 30000}, unhandledPromptBehavior: accept, webauthn:extension:credBlob: true, webauthn:extension:largeBlob: true, webauthn:extension:minPinLength: true, webauthn:extension:prf: true, webauthn:virtualAuthenticators: true}\nSession ID: 5df0a3d59e1e5dd1b92e7961a668cbed\n\tat jdk.internal.reflect.GeneratedConstructorAccessor23.newInstance(Unknown Source)\n\tat java.base/jdk.internal.reflect.DelegatingConstructorAccessorImpl.newInstance(DelegatingConstructorAccessorImpl.java:45)\n\tat java.base/java.lang.reflect.Constructor.newInstanceWithCaller(Constructor.java:499)\n\tat java.base/java.lang.reflect.Constructor.newInstance(Constructor.java:480)\n\tat org.openqa.selenium.remote.codec.w3c.W3CHttpResponseCodec.createException(W3CHttpResponseCodec.java:200)\n\tat org.openqa.selenium.remote.codec.w3c.W3CHttpResponseCodec.decode(W3CHttpResponseCodec.java:133)\n\tat org.openqa.selenium.remote.codec.w3c.W3CHttpResponseCodec.decode(W3CHttpResponseCodec.java:53)\n\tat org.openqa.selenium.remote.HttpCommandExecutor.execute(HttpCommandExecutor.java:193)\n\tat org.openqa.selenium.remote.service.DriverCommandExecutor.invokeExecute(DriverCommandExecutor.java:183)\n\tat org.openqa.selenium.remote.service.DriverCommandExecutor.execute(DriverCommandExecutor.java:158)\n\tat org.openqa.selenium.remote.RemoteWebDriver.execute(RemoteWebDriver.java:543)\n\tat org.openqa.selenium.remote.ElementLocation$ElementFinder$2.findElement(ElementLocation.java:162)\n\tat org.openqa.selenium.remote.ElementLocation.findElement(ElementLocation.java:60)\n\tat org.openqa.selenium.remote.RemoteWebDriver.findElement(RemoteWebDriver.java:352)\n\tat org.openqa.selenium.remote.RemoteWebDriver.findElement(RemoteWebDriver.java:344)\n\tat com.codeborne.selenide.impl.WebElementSelector.findElement(WebElementSelector.java:70)\n\tat com.codeborne.selenide.impl.WebElementSelector.findElement(WebElementSelector.java:44)\n\tat com.codeborne.selenide.impl.WebElementSelector.findElement(WebElementSelector.java:33)\n\tat com.codeborne.selenide.impl.ElementFinder.getWebElement(ElementFinder.java:122)\n\tat com.codeborne.selenide.impl.WebElementSource.checkConditionAndReturnElement(WebElementSource.java:113)\n\t... 51 more\n","flaky":false,"newFailed":false,"newBroken":false,"newPassed":false,"retriesCount":0,"retriesStatusChange":false,"beforeStages":[{"name":"setUp","time":{"start":1684322002271,"stop":1684322002298,"duration":27},"status":"passed","steps":[],"attachments":[],"parameters":[],"hasContent":false,"stepsCount":0,"attachmentsCount":0,"shouldDisplayMessage":false}],"testStage":{"description":"Проверка работы подписки на Telegram через баннер на главной странице","status":"failed","statusMessage":"Element not found {.tgme_page_title span}\nExpected: exist\nScreenshot: file:/home/runner/work/qa-final-project/qa-final-project/build/reports/tests/1684322028650.3.png\nPage source: file:/home/runner/work/qa-final-project/qa-final-project/build/reports/tests/1684322028650.3.html\nTimeout: 4 s.\nCaused by: NoSuchElementException: no such element: Unable to locate element: {\"method\":\"css selector\",\"selector\":\".tgme_page_title span\"}","statusTrace":"Element not found {.tgme_page_title span}\nExpected: exist\nScreenshot: file:/home/runner/work/qa-final-project/qa-final-project/build/reports/tests/1684322028650.3.png\nPage source: file:/home/runner/work/qa-final-project/qa-final-project/build/reports/tests/1684322028650.3.html\nTimeout: 4 s.\nCaused by: NoSuchElementException: no such element: Unable to locate element: {\"method\":\"css selector\",\"selector\":\".tgme_page_title span\"}\n\tat com.codeborne.selenide.impl.WebElementSource.createElementNotFoundError(WebElementSource.java:88)\n\tat com.codeborne.selenide.impl.ElementFinder.createElementNotFoundError(ElementFinder.java:142)\n\tat com.codeborne.selenide.impl.WebElementSource.handleError(WebElementSource.java:140)\n\tat com.codeborne.selenide.impl.WebElementSource.checkConditionAndReturnElement(WebElementSource.java:124)\n\tat com.codeborne.selenide.impl.WebElementSource.checkCondition(WebElementSource.java:101)\n\tat com.codeborne.selenide.commands.Should.execute(Should.java:30)\n\tat com.codeborne.selenide.commands.Should.execute(Should.java:14)\n\tat com.codeborne.selenide.commands.Commands.execute(Commands.java:159)\n\tat com.codeborne.selenide.impl.SelenideElementProxy.dispatchAndRetry(SelenideElementProxy.java:132)\n\tat com.codeborne.selenide.impl.SelenideElementProxy.invoke(SelenideElementProxy.java:84)\n\tat jdk.proxy2/jdk.proxy2.$Proxy27.should(Unknown Source)\n\tat pages.mobile.TelegramPage.checkChatTitle(TelegramPage.java:14)\n\tat tests.mobile.MobileTests.telegramBannerTest(MobileTests.java:124)\n\tat java.base/jdk.internal.reflect.NativeMethodAccessorImpl.invoke0(Native Method)\n\tat java.base/jdk.internal.reflect.NativeMethodAccessorImpl.invoke(NativeMethodAccessorImpl.java:77)\n\tat java.base/jdk.internal.reflect.DelegatingMethodAccessorImpl.invoke(DelegatingMethodAccessorImpl.java:43)\n\tat java.base/java.lang.reflect.Method.invoke(Method.java:568)\n\tat org.junit.platform.commons.util.ReflectionUtils.invokeMethod(ReflectionUtils.java:727)\n\tat org.junit.jupiter.engine.execution.MethodInvocation.proceed(MethodInvocation.java:60)\n\tat org.junit.jupiter.engine.execution.InvocationInterceptorChain$ValidatingInvocation.proceed(InvocationInterceptorChain.java:131)\n\tat org.junit.jupiter.api.extension.InvocationInterceptor.interceptTestMethod(InvocationInterceptor.java:118)\n\tat org.junit.jupiter.engine.execution.InterceptingExecutableInvoker$ReflectiveInterceptorCall.lambda$ofVoidMethod$0(InterceptingExecutableInvoker.java:103)\n\tat org.junit.jupiter.engine.execution.InterceptingExecutableInvoker.lambda$invoke$0(InterceptingExecutableInvoker.java:93)\n\tat org.junit.jupiter.engine.execution.InvocationInterceptorChain$InterceptedInvocation.proceed(InvocationInterceptorChain.java:106)\n\tat org.junit.jupiter.engine.extension.TimeoutExtension.intercept(TimeoutExtension.java:156)\n\tat org.junit.jupiter.engine.extension.TimeoutExtension.interceptTestableMethod(TimeoutExtension.java:147)\n\tat org.junit.jupiter.engine.extension.TimeoutExtension.interceptTestMethod(TimeoutExtension.java:86)\n\tat org.junit.jupiter.engine.execution.InterceptingExecutableInvoker$ReflectiveInterceptorCall.lambda$ofVoidMethod$0(InterceptingExecutableInvoker.java:103)\n\tat org.junit.jupiter.engine.execution.InterceptingExecutableInvoker.lambda$invoke$0(InterceptingExecutableInvoker.java:93)\n\tat org.junit.jupiter.engine.execution.InvocationInterceptorChain$InterceptedInvocation.proceed(InvocationInterceptorChain.java:106)\n\tat org.junit.jupiter.engine.execution.InvocationInterceptorChain.proceed(InvocationInterceptorChain.java:64)\n\tat org.junit.jupiter.engine.execution.InvocationInterceptorChain.chainAndInvoke(InvocationInterceptorChain.java:45)\n\tat org.junit.jupiter.engine.execution.InvocationInterceptorChain.invoke(InvocationInterceptorChain.java:37)\n\tat org.junit.jupiter.engine.execution.InterceptingExecutableInvoker.invoke(InterceptingExecutableInvoker.java:92)\n\tat org.junit.jupiter.engine.execution.InterceptingExecutableInvoker.invoke(InterceptingExecutableInvoker.java:86)\n\tat org.junit.jupiter.engine.descriptor.TestMethodTestDescriptor.lambda$invokeTestMethod$7(TestMethodTestDescriptor.java:217)\n\tat org.junit.platform.engine.support.hierarchical.ThrowableCollector.execute(ThrowableCollector.java:73)\n\tat org.junit.jupiter.engine.descriptor.TestMethodTestDescriptor.invokeTestMethod(TestMethodTestDescriptor.java:213)\n\tat org.junit.jupiter.engine.descriptor.TestMethodTestDescriptor.execute(TestMethodTestDescriptor.java:138)\n\tat org.junit.jupiter.engine.descriptor.TestMethodTestDescriptor.execute(TestMethodTestDescriptor.java:68)\n\tat org.junit.platform.engine.support.hierarchical.NodeTestTask.lambda$executeRecursively$6(NodeTestTask.java:151)\n\tat org.junit.platform.engine.support.hierarchical.ThrowableCollector.execute(ThrowableCollector.java:73)\n\tat org.junit.platform.engine.support.hierarchical.NodeTestTask.lambda$executeRecursively$8(NodeTestTask.java:141)\n\tat org.junit.platform.engine.support.hierarchical.Node.around(Node.java:137)\n\tat org.junit.platform.engine.support.hierarchical.NodeTestTask.lambda$executeRecursively$9(NodeTestTask.java:139)\n\tat org.junit.platform.engine.support.hierarchical.ThrowableCollector.execute(ThrowableCollector.java:73)\n\tat org.junit.platform.engine.support.hierarchical.NodeTestTask.executeRecursively(NodeTestTask.java:138)\n\tat org.junit.platform.engine.support.hierarchical.NodeTestTask.execute(NodeTestTask.java:95)\n\tat org.junit.platform.engine.support.hierarchical.ForkJoinPoolHierarchicalTestExecutorService$ExclusiveTask.compute(ForkJoinPoolHierarchicalTestExecutorService.java:202)\n\tat java.base/java.util.concurrent.RecursiveAction.exec(RecursiveAction.java:194)\n\tat java.base/java.util.concurrent.ForkJoinTask.doExec(ForkJoinTask.java:373)\n\tat java.base/java.util.concurrent.ForkJoinPool$WorkQueue.topLevelExec(ForkJoinPool.java:1182)\n\tat java.base/java.util.concurrent.ForkJoinPool.scan(ForkJoinPool.java:1655)\n\tat java.base/java.util.concurrent.ForkJoinPool.runWorker(ForkJoinPool.java:1622)\n\tat java.base/java.util.concurrent.ForkJoinWorkerThread.run(ForkJoinWorkerThread.java:165)\nCaused by: org.openqa.selenium.NoSuchElementException: no such element: Unable to locate element: {\"method\":\"css selector\",\"selector\":\".tgme_page_title span\"}\n  (Session info: chrome=113.0.5672.63)\nFor documentation on this error, please visit: https://selenium.dev/exceptions/#no_such_element\nBuild info: version: '4.8.3', revision: 'e5e76298c3'\nSystem info: os.name: 'Linux', os.arch: 'amd64', os.version: '5.15.0-1037-azure', java.version: '17.0.7'\nDriver info: org.openqa.selenium.chrome.ChromeDriver\nCommand: [5df0a3d59e1e5dd1b92e7961a668cbed, findElement {using=css selector, value=.tgme_page_title span}]\nCapabilities {acceptInsecureCerts: true, browserName: chrome, browserVersion: 113.0.5672.63, chrome: {chromedriverVersion: 113.0.5672.63 (0e1a4471d5ae..., userDataDir: /tmp/.com.google.Chrome.rK2vdC}, goog:chromeOptions: {debuggerAddress: localhost:42499}, networkConnectionEnabled: false, pageLoadStrategy: eager, platformName: LINUX, proxy: Proxy(), se:cdp: ws://localhost:42499/devtoo..., se:cdpVersion: 113.0.5672.63, setWindowRect: true, strictFileInteractability: false, timeouts: {implicit: 0, pageLoad: 300000, script: 30000}, unhandledPromptBehavior: accept, webauthn:extension:credBlob: true, webauthn:extension:largeBlob: true, webauthn:extension:minPinLength: true, webauthn:extension:prf: true, webauthn:virtualAuthenticators: true}\nSession ID: 5df0a3d59e1e5dd1b92e7961a668cbed\n\tat jdk.internal.reflect.GeneratedConstructorAccessor23.newInstance(Unknown Source)\n\tat java.base/jdk.internal.reflect.DelegatingConstructorAccessorImpl.newInstance(DelegatingConstructorAccessorImpl.java:45)\n\tat java.base/java.lang.reflect.Constructor.newInstanceWithCaller(Constructor.java:499)\n\tat java.base/java.lang.reflect.Constructor.newInstance(Constructor.java:480)\n\tat org.openqa.selenium.remote.codec.w3c.W3CHttpResponseCodec.createException(W3CHttpResponseCodec.java:200)\n\tat org.openqa.selenium.remote.codec.w3c.W3CHttpResponseCodec.decode(W3CHttpResponseCodec.java:133)\n\tat org.openqa.selenium.remote.codec.w3c.W3CHttpResponseCodec.decode(W3CHttpResponseCodec.java:53)\n\tat org.openqa.selenium.remote.HttpCommandExecutor.execute(HttpCommandExecutor.java:193)\n\tat org.openqa.selenium.remote.service.DriverCommandExecutor.invokeExecute(DriverCommandExecutor.java:183)\n\tat org.openqa.selenium.remote.service.DriverCommandExecutor.execute(DriverCommandExecutor.java:158)\n\tat org.openqa.selenium.remote.RemoteWebDriver.execute(RemoteWebDriver.java:543)\n\tat org.openqa.selenium.remote.ElementLocation$ElementFinder$2.findElement(ElementLocation.java:162)\n\tat org.openqa.selenium.remote.ElementLocation.findElement(ElementLocation.java:60)\n\tat org.openqa.selenium.remote.RemoteWebDriver.findElement(RemoteWebDriver.java:352)\n\tat org.openqa.selenium.remote.RemoteWebDriver.findElement(RemoteWebDriver.java:344)\n\tat com.codeborne.selenide.impl.WebElementSelector.findElement(WebElementSelector.java:70)\n\tat com.codeborne.selenide.impl.WebElementSelector.findElement(WebElementSelector.java:44)\n\tat com.codeborne.selenide.impl.WebElementSelector.findElement(WebElementSelector.java:33)\n\tat com.codeborne.selenide.impl.ElementFinder.getWebElement(ElementFinder.java:122)\n\tat com.codeborne.selenide.impl.WebElementSource.checkConditionAndReturnElement(WebElementSource.java:113)\n\t... 51 more\n","steps":[{"name":"Открыть главную страницу","time":{"start":1684322002300,"stop":1684322013625,"duration":11325},"status":"passed","steps":[{"name":"$(\"open\") https://www.mtsbank.ru","time":{"start":1684322002301,"stop":1684322013625,"duration":11324},"status":"passed","steps":[{"name":"$(\"webdriver\") create()","time":{"start":1684322002301,"stop":1684322008744,"duration":6443},"status":"passed","steps":[],"attachments":[],"parameters":[],"hasContent":false,"stepsCount":0,"attachmentsCount":0,"shouldDisplayMessage":false}],"attachments":[],"parameters":[],"hasContent":true,"stepsCount":1,"attachmentsCount":0,"shouldDisplayMessage":false}],"attachments":[],"parameters":[],"hasContent":true,"stepsCount":2,"attachmentsCount":0,"shouldDisplayMessage":false},{"name":"Нажать на кнопку \"Да, верно\" на уведомлении о подтверждении региона","time":{"start":1684322013625,"stop":1684322023016,"duration":9391},"status":"passed","steps":[{"name":"$(\"By.xpath: //div[contains(text(),\"Да, верно\")]\") click()","time":{"start":1684322013730,"stop":1684322023016,"duration":9286},"status":"passed","steps":[],"attachments":[],"parameters":[],"hasContent":false,"stepsCount":0,"attachmentsCount":0,"shouldDisplayMessage":false}],"attachments":[],"parameters":[],"hasContent":true,"stepsCount":1,"attachmentsCount":0,"shouldDisplayMessage":false},{"name":"Нажать на кнопку \"Подписаться\" в баннере \"Новости МТС Банка в Telegram\"","time":{"start":1684322023016,"stop":1684322024293,"duration":1277},"status":"passed","steps":[{"name":"$(\"[data-testid=\"button\"][href*=\"t.me\"]\") scroll into view(true)","time":{"start":1684322023017,"stop":1684322023451,"duration":434},"status":"passed","steps":[{"name":"$(\"[data-testid=\"button\"][href*=\"t.me\"]\") get wrapped element()","time":{"start":1684322023020,"stop":1684322023297,"duration":277},"status":"passed","steps":[],"attachments":[],"parameters":[],"hasContent":false,"stepsCount":0,"attachmentsCount":0,"shouldDisplayMessage":false}],"attachments":[],"parameters":[],"hasContent":true,"stepsCount":1,"attachmentsCount":0,"shouldDisplayMessage":false},{"name":"$(\"[data-testid=\"button\"][href*=\"t.me\"]\") click()","time":{"start":1684322023451,"stop":1684322024293,"duration":842},"status":"passed","steps":[],"attachments":[],"parameters":[],"hasContent":false,"stepsCount":0,"attachmentsCount":0,"shouldDisplayMessage":false}],"attachments":[],"parameters":[],"hasContent":true,"stepsCount":3,"attachmentsCount":0,"shouldDisplayMessage":false},{"name":"$(\"window(index: 1)\") switch to()","time":{"start":1684322024394,"stop":1684322024603,"duration":209},"status":"passed","steps":[],"attachments":[],"parameters":[],"hasContent":false,"stepsCount":0,"attachmentsCount":0,"shouldDisplayMessage":false},{"name":"Проверить наличие и содержание названия Telegram-чата","time":{"start":1684322024608,"stop":1684322030371,"duration":5763},"status":"failed","statusMessage":"Element not found {.tgme_page_title span}\nExpected: exist\nScreenshot: file:/home/runner/work/qa-final-project/qa-final-project/build/reports/tests/1684322028650.3.png\nPage source: file:/home/runner/work/qa-final-project/qa-final-project/build/reports/tests/1684322028650.3.html\nTimeout: 4 s.\nCaused by: NoSuchElementException: no such element: Unable to locate element: {\"method\":\"css selector\",\"selector\":\".tgme_page_title span\"}","statusTrace":"Element not found {.tgme_page_title span}\nExpected: exist\nScreenshot: file:/home/runner/work/qa-final-project/qa-final-project/build/reports/tests/1684322028650.3.png\nPage source: file:/home/runner/work/qa-final-project/qa-final-project/build/reports/tests/1684322028650.3.html\nTimeout: 4 s.\nCaused by: NoSuchElementException: no such element: Unable to locate element: {\"method\":\"css selector\",\"selector\":\".tgme_page_title span\"}\n\tat com.codeborne.selenide.impl.WebElementSource.createElementNotFoundError(WebElementSource.java:88)\n\tat com.codeborne.selenide.impl.ElementFinder.createElementNotFoundError(ElementFinder.java:142)\n\tat com.codeborne.selenide.impl.WebElementSource.handleError(WebElementSource.java:140)\n\tat com.codeborne.selenide.impl.WebElementSource.checkConditionAndReturnElement(WebElementSource.java:124)\n\tat com.codeborne.selenide.impl.WebElementSource.checkCondition(WebElementSource.java:101)\n\tat com.codeborne.selenide.commands.Should.execute(Should.java:30)\n\tat com.codeborne.selenide.commands.Should.execute(Should.java:14)\n\tat com.codeborne.selenide.commands.Commands.execute(Commands.java:159)\n\tat com.codeborne.selenide.impl.SelenideElementProxy.dispatchAndRetry(SelenideElementProxy.java:132)\n\tat com.codeborne.selenide.impl.SelenideElementProxy.invoke(SelenideElementProxy.java:84)\n\tat jdk.proxy2/jdk.proxy2.$Proxy27.should(Unknown Source)\n\tat pages.mobile.TelegramPage.checkChatTitle(TelegramPage.java:14)\n\tat tests.mobile.MobileTests.telegramBannerTest(MobileTests.java:124)\n\tat java.base/jdk.internal.reflect.NativeMethodAccessorImpl.invoke0(Native Method)\n\tat java.base/jdk.internal.reflect.NativeMethodAccessorImpl.invoke(NativeMethodAccessorImpl.java:77)\n\tat java.base/jdk.internal.reflect.DelegatingMethodAccessorImpl.invoke(DelegatingMethodAccessorImpl.java:43)\n\tat java.base/java.lang.reflect.Method.invoke(Method.java:568)\n\tat org.junit.platform.commons.util.ReflectionUtils.invokeMethod(ReflectionUtils.java:727)\n\tat org.junit.jupiter.engine.execution.MethodInvocation.proceed(MethodInvocation.java:60)\n\tat org.junit.jupiter.engine.execution.InvocationInterceptorChain$ValidatingInvocation.proceed(InvocationInterceptorChain.java:131)\n\tat org.junit.jupiter.api.extension.InvocationInterceptor.interceptTestMethod(InvocationInterceptor.java:118)\n\tat org.junit.jupiter.engine.execution.InterceptingExecutableInvoker$ReflectiveInterceptorCall.lambda$ofVoidMethod$0(InterceptingExecutableInvoker.java:103)\n\tat org.junit.jupiter.engine.execution.InterceptingExecutableInvoker.lambda$invoke$0(InterceptingExecutableInvoker.java:93)\n\tat org.junit.jupiter.engine.execution.InvocationInterceptorChain$InterceptedInvocation.proceed(InvocationInterceptorChain.java:106)\n\tat org.junit.jupiter.engine.extension.TimeoutExtension.intercept(TimeoutExtension.java:156)\n\tat org.junit.jupiter.engine.extension.TimeoutExtension.interceptTestableMethod(TimeoutExtension.java:147)\n\tat org.junit.jupiter.engine.extension.TimeoutExtension.interceptTestMethod(TimeoutExtension.java:86)\n\tat org.junit.jupiter.engine.execution.InterceptingExecutableInvoker$ReflectiveInterceptorCall.lambda$ofVoidMethod$0(InterceptingExecutableInvoker.java:103)\n\tat org.junit.jupiter.engine.execution.InterceptingExecutableInvoker.lambda$invoke$0(InterceptingExecutableInvoker.java:93)\n\tat org.junit.jupiter.engine.execution.InvocationInterceptorChain$InterceptedInvocation.proceed(InvocationInterceptorChain.java:106)\n\tat org.junit.jupiter.engine.execution.InvocationInterceptorChain.proceed(InvocationInterceptorChain.java:64)\n\tat org.junit.jupiter.engine.execution.InvocationInterceptorChain.chainAndInvoke(InvocationInterceptorChain.java:45)\n\tat org.junit.jupiter.engine.execution.InvocationInterceptorChain.invoke(InvocationInterceptorChain.java:37)\n\tat org.junit.jupiter.engine.execution.InterceptingExecutableInvoker.invoke(InterceptingExecutableInvoker.java:92)\n\tat org.junit.jupiter.engine.execution.InterceptingExecutableInvoker.invoke(InterceptingExecutableInvoker.java:86)\n\tat org.junit.jupiter.engine.descriptor.TestMethodTestDescriptor.lambda$invokeTestMethod$7(TestMethodTestDescriptor.java:217)\n\tat org.junit.platform.engine.support.hierarchical.ThrowableCollector.execute(ThrowableCollector.java:73)\n\tat org.junit.jupiter.engine.descriptor.TestMethodTestDescriptor.invokeTestMethod(TestMethodTestDescriptor.java:213)\n\tat org.junit.jupiter.engine.descriptor.TestMethodTestDescriptor.execute(TestMethodTestDescriptor.java:138)\n\tat org.junit.jupiter.engine.descriptor.TestMethodTestDescriptor.execute(TestMethodTestDescriptor.java:68)\n\tat org.junit.platform.engine.support.hierarchical.NodeTestTask.lambda$executeRecursively$6(NodeTestTask.java:151)\n\tat org.junit.platform.engine.support.hierarchical.ThrowableCollector.execute(ThrowableCollector.java:73)\n\tat org.junit.platform.engine.support.hierarchical.NodeTestTask.lambda$executeRecursively$8(NodeTestTask.java:141)\n\tat org.junit.platform.engine.support.hierarchical.Node.around(Node.java:137)\n\tat org.junit.platform.engine.support.hierarchical.NodeTestTask.lambda$executeRecursively$9(NodeTestTask.java:139)\n\tat org.junit.platform.engine.support.hierarchical.ThrowableCollector.execute(ThrowableCollector.java:73)\n\tat org.junit.platform.engine.support.hierarchical.NodeTestTask.executeRecursively(NodeTestTask.java:138)\n\tat org.junit.platform.engine.support.hierarchical.NodeTestTask.execute(NodeTestTask.java:95)\n\tat org.junit.platform.engine.support.hierarchical.ForkJoinPoolHierarchicalTestExecutorService$ExclusiveTask.compute(ForkJoinPoolHierarchicalTestExecutorService.java:202)\n\tat java.base/java.util.concurrent.RecursiveAction.exec(RecursiveAction.java:194)\n\tat java.base/java.util.concurrent.ForkJoinTask.doExec(ForkJoinTask.java:373)\n\tat java.base/java.util.concurrent.ForkJoinPool$WorkQueue.topLevelExec(ForkJoinPool.java:1182)\n\tat java.base/java.util.concurrent.ForkJoinPool.scan(ForkJoinPool.java:1655)\n\tat java.base/java.util.concurrent.ForkJoinPool.runWorker(ForkJoinPool.java:1622)\n\tat java.base/java.util.concurrent.ForkJoinWorkerThread.run(ForkJoinWorkerThread.java:165)\nCaused by: org.openqa.selenium.NoSuchElementException: no such element: Unable to locate element: {\"method\":\"css selector\",\"selector\":\".tgme_page_title span\"}\n  (Session info: chrome=113.0.5672.63)\nFor documentation on this error, please visit: https://selenium.dev/exceptions/#no_such_element\nBuild info: version: '4.8.3', revision: 'e5e76298c3'\nSystem info: os.name: 'Linux', os.arch: 'amd64', os.version: '5.15.0-1037-azure', java.version: '17.0.7'\nDriver info: org.openqa.selenium.chrome.ChromeDriver\nCommand: [5df0a3d59e1e5dd1b92e7961a668cbed, findElement {using=css selector, value=.tgme_page_title span}]\nCapabilities {acceptInsecureCerts: true, browserName: chrome, browserVersion: 113.0.5672.63, chrome: {chromedriverVersion: 113.0.5672.63 (0e1a4471d5ae..., userDataDir: /tmp/.com.google.Chrome.rK2vdC}, goog:chromeOptions: {debuggerAddress: localhost:42499}, networkConnectionEnabled: false, pageLoadStrategy: eager, platformName: LINUX, proxy: Proxy(), se:cdp: ws://localhost:42499/devtoo..., se:cdpVersion: 113.0.5672.63, setWindowRect: true, strictFileInteractability: false, timeouts: {implicit: 0, pageLoad: 300000, script: 30000}, unhandledPromptBehavior: accept, webauthn:extension:credBlob: true, webauthn:extension:largeBlob: true, webauthn:extension:minPinLength: true, webauthn:extension:prf: true, webauthn:virtualAuthenticators: true}\nSession ID: 5df0a3d59e1e5dd1b92e7961a668cbed\n\tat jdk.internal.reflect.GeneratedConstructorAccessor23.newInstance(Unknown Source)\n\tat java.base/jdk.internal.reflect.DelegatingConstructorAccessorImpl.newInstance(DelegatingConstructorAccessorImpl.java:45)\n\tat java.base/java.lang.reflect.Constructor.newInstanceWithCaller(Constructor.java:499)\n\tat java.base/java.lang.reflect.Constructor.newInstance(Constructor.java:480)\n\tat org.openqa.selenium.remote.codec.w3c.W3CHttpResponseCodec.createException(W3CHttpResponseCodec.java:200)\n\tat org.openqa.selenium.remote.codec.w3c.W3CHttpResponseCodec.decode(W3CHttpResponseCodec.java:133)\n\tat org.openqa.selenium.remote.codec.w3c.W3CHttpResponseCodec.decode(W3CHttpResponseCodec.java:53)\n\tat org.openqa.selenium.remote.HttpCommandExecutor.execute(HttpCommandExecutor.java:193)\n\tat org.openqa.selenium.remote.service.DriverCommandExecutor.invokeExecute(DriverCommandExecutor.java:183)\n\tat org.openqa.selenium.remote.service.DriverCommandExecutor.execute(DriverCommandExecutor.java:158)\n\tat org.openqa.selenium.remote.RemoteWebDriver.execute(RemoteWebDriver.java:543)\n\tat org.openqa.selenium.remote.ElementLocation$ElementFinder$2.findElement(ElementLocation.java:162)\n\tat org.openqa.selenium.remote.ElementLocation.findElement(ElementLocation.java:60)\n\tat org.openqa.selenium.remote.RemoteWebDriver.findElement(RemoteWebDriver.java:352)\n\tat org.openqa.selenium.remote.RemoteWebDriver.findElement(RemoteWebDriver.java:344)\n\tat com.codeborne.selenide.impl.WebElementSelector.findElement(WebElementSelector.java:70)\n\tat com.codeborne.selenide.impl.WebElementSelector.findElement(WebElementSelector.java:44)\n\tat com.codeborne.selenide.impl.WebElementSelector.findElement(WebElementSelector.java:33)\n\tat com.codeborne.selenide.impl.ElementFinder.getWebElement(ElementFinder.java:122)\n\tat com.codeborne.selenide.impl.WebElementSource.checkConditionAndReturnElement(WebElementSource.java:113)\n\t... 51 more\n","steps":[{"name":"$(\".tgme_page_title span\") should(exist)","time":{"start":1684322024608,"stop":1684322030370,"duration":5762},"status":"failed","statusMessage":"Element not found {.tgme_page_title span}\nExpected: exist\nScreenshot: file:/home/runner/work/qa-final-project/qa-final-project/build/reports/tests/1684322028650.3.png\nPage source: file:/home/runner/work/qa-final-project/qa-final-project/build/reports/tests/1684322028650.3.html\nTimeout: 4 s.\nCaused by: NoSuchElementException: no such element: Unable to locate element: {\"method\":\"css selector\",\"selector\":\".tgme_page_title span\"}","statusTrace":"Element not found {.tgme_page_title span}\nExpected: exist\nScreenshot: file:/home/runner/work/qa-final-project/qa-final-project/build/reports/tests/1684322028650.3.png\nPage source: file:/home/runner/work/qa-final-project/qa-final-project/build/reports/tests/1684322028650.3.html\nTimeout: 4 s.\nCaused by: NoSuchElementException: no such element: Unable to locate element: {\"method\":\"css selector\",\"selector\":\".tgme_page_title span\"}\n\tat com.codeborne.selenide.impl.WebElementSource.createElementNotFoundError(WebElementSource.java:88)\n\tat com.codeborne.selenide.impl.ElementFinder.createElementNotFoundError(ElementFinder.java:142)\n\tat com.codeborne.selenide.impl.WebElementSource.handleError(WebElementSource.java:140)\n\tat com.codeborne.selenide.impl.WebElementSource.checkConditionAndReturnElement(WebElementSource.java:124)\n\tat com.codeborne.selenide.impl.WebElementSource.checkCondition(WebElementSource.java:101)\n\tat com.codeborne.selenide.commands.Should.execute(Should.java:30)\n\tat com.codeborne.selenide.commands.Should.execute(Should.java:14)\n\tat com.codeborne.selenide.commands.Commands.execute(Commands.java:159)\n\tat com.codeborne.selenide.impl.SelenideElementProxy.dispatchAndRetry(SelenideElementProxy.java:132)\n\tat com.codeborne.selenide.impl.SelenideElementProxy.invoke(SelenideElementProxy.java:84)\n\tat jdk.proxy2/jdk.proxy2.$Proxy27.should(Unknown Source)\n\tat pages.mobile.TelegramPage.checkChatTitle(TelegramPage.java:14)\n\tat tests.mobile.MobileTests.telegramBannerTest(MobileTests.java:124)\n\tat java.base/jdk.internal.reflect.NativeMethodAccessorImpl.invoke0(Native Method)\n\tat java.base/jdk.internal.reflect.NativeMethodAccessorImpl.invoke(NativeMethodAccessorImpl.java:77)\n\tat java.base/jdk.internal.reflect.DelegatingMethodAccessorImpl.invoke(DelegatingMethodAccessorImpl.java:43)\n\tat java.base/java.lang.reflect.Method.invoke(Method.java:568)\n\tat org.junit.platform.commons.util.ReflectionUtils.invokeMethod(ReflectionUtils.java:727)\n\tat org.junit.jupiter.engine.execution.MethodInvocation.proceed(MethodInvocation.java:60)\n\tat org.junit.jupiter.engine.execution.InvocationInterceptorChain$ValidatingInvocation.proceed(InvocationInterceptorChain.java:131)\n\tat org.junit.jupiter.api.extension.InvocationInterceptor.interceptTestMethod(InvocationInterceptor.java:118)\n\tat org.junit.jupiter.engine.execution.InterceptingExecutableInvoker$ReflectiveInterceptorCall.lambda$ofVoidMethod$0(InterceptingExecutableInvoker.java:103)\n\tat org.junit.jupiter.engine.execution.InterceptingExecutableInvoker.lambda$invoke$0(InterceptingExecutableInvoker.java:93)\n\tat org.junit.jupiter.engine.execution.InvocationInterceptorChain$InterceptedInvocation.proceed(InvocationInterceptorChain.java:106)\n\tat org.junit.jupiter.engine.extension.TimeoutExtension.intercept(TimeoutExtension.java:156)\n\tat org.junit.jupiter.engine.extension.TimeoutExtension.interceptTestableMethod(TimeoutExtension.java:147)\n\tat org.junit.jupiter.engine.extension.TimeoutExtension.interceptTestMethod(TimeoutExtension.java:86)\n\tat org.junit.jupiter.engine.execution.InterceptingExecutableInvoker$ReflectiveInterceptorCall.lambda$ofVoidMethod$0(InterceptingExecutableInvoker.java:103)\n\tat org.junit.jupiter.engine.execution.InterceptingExecutableInvoker.lambda$invoke$0(InterceptingExecutableInvoker.java:93)\n\tat org.junit.jupiter.engine.execution.InvocationInterceptorChain$InterceptedInvocation.proceed(InvocationInterceptorChain.java:106)\n\tat org.junit.jupiter.engine.execution.InvocationInterceptorChain.proceed(InvocationInterceptorChain.java:64)\n\tat org.junit.jupiter.engine.execution.InvocationInterceptorChain.chainAndInvoke(InvocationInterceptorChain.java:45)\n\tat org.junit.jupiter.engine.execution.InvocationInterceptorChain.invoke(InvocationInterceptorChain.java:37)\n\tat org.junit.jupiter.engine.execution.InterceptingExecutableInvoker.invoke(InterceptingExecutableInvoker.java:92)\n\tat org.junit.jupiter.engine.execution.InterceptingExecutableInvoker.invoke(InterceptingExecutableInvoker.java:86)\n\tat org.junit.jupiter.engine.descriptor.TestMethodTestDescriptor.lambda$invokeTestMethod$7(TestMethodTestDescriptor.java:217)\n\tat org.junit.platform.engine.support.hierarchical.ThrowableCollector.execute(ThrowableCollector.java:73)\n\tat org.junit.jupiter.engine.descriptor.TestMethodTestDescriptor.invokeTestMethod(TestMethodTestDescriptor.java:213)\n\tat org.junit.jupiter.engine.descriptor.TestMethodTestDescriptor.execute(TestMethodTestDescriptor.java:138)\n\tat org.junit.jupiter.engine.descriptor.TestMethodTestDescriptor.execute(TestMethodTestDescriptor.java:68)\n\tat org.junit.platform.engine.support.hierarchical.NodeTestTask.lambda$executeRecursively$6(NodeTestTask.java:151)\n\tat org.junit.platform.engine.support.hierarchical.ThrowableCollector.execute(ThrowableCollector.java:73)\n\tat org.junit.platform.engine.support.hierarchical.NodeTestTask.lambda$executeRecursively$8(NodeTestTask.java:141)\n\tat org.junit.platform.engine.support.hierarchical.Node.around(Node.java:137)\n\tat org.junit.platform.engine.support.hierarchical.NodeTestTask.lambda$executeRecursively$9(NodeTestTask.java:139)\n\tat org.junit.platform.engine.support.hierarchical.ThrowableCollector.execute(ThrowableCollector.java:73)\n\tat org.junit.platform.engine.support.hierarchical.NodeTestTask.executeRecursively(NodeTestTask.java:138)\n\tat org.junit.platform.engine.support.hierarchical.NodeTestTask.execute(NodeTestTask.java:95)\n\tat org.junit.platform.engine.support.hierarchical.ForkJoinPoolHierarchicalTestExecutorService$ExclusiveTask.compute(ForkJoinPoolHierarchicalTestExecutorService.java:202)\n\tat java.base/java.util.concurrent.RecursiveAction.exec(RecursiveAction.java:194)\n\tat java.base/java.util.concurrent.ForkJoinTask.doExec(ForkJoinTask.java:373)\n\tat java.base/java.util.concurrent.ForkJoinPool$WorkQueue.topLevelExec(ForkJoinPool.java:1182)\n\tat java.base/java.util.concurrent.ForkJoinPool.scan(ForkJoinPool.java:1655)\n\tat java.base/java.util.concurrent.ForkJoinPool.runWorker(ForkJoinPool.java:1622)\n\tat java.base/java.util.concurrent.ForkJoinWorkerThread.run(ForkJoinWorkerThread.java:165)\nCaused by: org.openqa.selenium.NoSuchElementException: no such element: Unable to locate element: {\"method\":\"css selector\",\"selector\":\".tgme_page_title span\"}\n  (Session info: chrome=113.0.5672.63)\nFor documentation on this error, please visit: https://selenium.dev/exceptions/#no_such_element\nBuild info: version: '4.8.3', revision: 'e5e76298c3'\nSystem info: os.name: 'Linux', os.arch: 'amd64', os.version: '5.15.0-1037-azure', java.version: '17.0.7'\nDriver info: org.openqa.selenium.chrome.ChromeDriver\nCommand: [5df0a3d59e1e5dd1b92e7961a668cbed, findElement {using=css selector, value=.tgme_page_title span}]\nCapabilities {acceptInsecureCerts: true, browserName: chrome, browserVersion: 113.0.5672.63, chrome: {chromedriverVersion: 113.0.5672.63 (0e1a4471d5ae..., userDataDir: /tmp/.com.google.Chrome.rK2vdC}, goog:chromeOptions: {debuggerAddress: localhost:42499}, networkConnectionEnabled: false, pageLoadStrategy: eager, platformName: LINUX, proxy: Proxy(), se:cdp: ws://localhost:42499/devtoo..., se:cdpVersion: 113.0.5672.63, setWindowRect: true, strictFileInteractability: false, timeouts: {implicit: 0, pageLoad: 300000, script: 30000}, unhandledPromptBehavior: accept, webauthn:extension:credBlob: true, webauthn:extension:largeBlob: true, webauthn:extension:minPinLength: true, webauthn:extension:prf: true, webauthn:virtualAuthenticators: true}\nSession ID: 5df0a3d59e1e5dd1b92e7961a668cbed\n\tat jdk.internal.reflect.GeneratedConstructorAccessor23.newInstance(Unknown Source)\n\tat java.base/jdk.internal.reflect.DelegatingConstructorAccessorImpl.newInstance(DelegatingConstructorAccessorImpl.java:45)\n\tat java.base/java.lang.reflect.Constructor.newInstanceWithCaller(Constructor.java:499)\n\tat java.base/java.lang.reflect.Constructor.newInstance(Constructor.java:480)\n\tat org.openqa.selenium.remote.codec.w3c.W3CHttpResponseCodec.createException(W3CHttpResponseCodec.java:200)\n\tat org.openqa.selenium.remote.codec.w3c.W3CHttpResponseCodec.decode(W3CHttpResponseCodec.java:133)\n\tat org.openqa.selenium.remote.codec.w3c.W3CHttpResponseCodec.decode(W3CHttpResponseCodec.java:53)\n\tat org.openqa.selenium.remote.HttpCommandExecutor.execute(HttpCommandExecutor.java:193)\n\tat org.openqa.selenium.remote.service.DriverCommandExecutor.invokeExecute(DriverCommandExecutor.java:183)\n\tat org.openqa.selenium.remote.service.DriverCommandExecutor.execute(DriverCommandExecutor.java:158)\n\tat org.openqa.selenium.remote.RemoteWebDriver.execute(RemoteWebDriver.java:543)\n\tat org.openqa.selenium.remote.ElementLocation$ElementFinder$2.findElement(ElementLocation.java:162)\n\tat org.openqa.selenium.remote.ElementLocation.findElement(ElementLocation.java:60)\n\tat org.openqa.selenium.remote.RemoteWebDriver.findElement(RemoteWebDriver.java:352)\n\tat org.openqa.selenium.remote.RemoteWebDriver.findElement(RemoteWebDriver.java:344)\n\tat com.codeborne.selenide.impl.WebElementSelector.findElement(WebElementSelector.java:70)\n\tat com.codeborne.selenide.impl.WebElementSelector.findElement(WebElementSelector.java:44)\n\tat com.codeborne.selenide.impl.WebElementSelector.findElement(WebElementSelector.java:33)\n\tat com.codeborne.selenide.impl.ElementFinder.getWebElement(ElementFinder.java:122)\n\tat com.codeborne.selenide.impl.WebElementSource.checkConditionAndReturnElement(WebElementSource.java:113)\n\t... 51 more\n","steps":[],"attachments":[{"uid":"5143f6a8674190cb","name":"Screenshot","source":"5143f6a8674190cb.png","type":"image/png","size":507040}],"parameters":[],"hasContent":true,"stepsCount":0,"attachmentsCount":1,"shouldDisplayMessage":true}],"attachments":[],"parameters":[],"hasContent":true,"stepsCount":1,"attachmentsCount":1,"shouldDisplayMessage":false}],"attachments":[],"parameters":[],"hasContent":true,"stepsCount":12,"attachmentsCount":1,"shouldDisplayMessage":false},"afterStages":[{"name":"cleanConfiguration","time":{"start":1684322030372,"stop":1684322030407,"duration":35},"status":"passed","steps":[{"name":"$(\"clearCookies\") ","time":{"start":1684322030378,"stop":1684322030395,"duration":17},"status":"passed","steps":[],"attachments":[],"parameters":[],"hasContent":false,"stepsCount":0,"attachmentsCount":0,"shouldDisplayMessage":false}],"attachments":[],"parameters":[],"hasContent":true,"stepsCount":1,"attachmentsCount":0,"shouldDisplayMessage":false},{"name":"turnDown","time":{"start":1684322030408,"stop":1684322030535,"duration":127},"status":"passed","steps":[{"name":"$(\"webdriver\") close()","time":{"start":1684322030408,"stop":1684322030535,"duration":127},"status":"passed","steps":[],"attachments":[],"parameters":[],"hasContent":false,"stepsCount":0,"attachmentsCount":0,"shouldDisplayMessage":false}],"attachments":[],"parameters":[],"hasContent":true,"stepsCount":1,"attachmentsCount":0,"shouldDisplayMessage":false}],"labels":[{"name":"junit.platform.uniqueid","value":"[engine:junit-jupiter]/[class:tests.mobile.MobileTests]/[method:telegramBannerTest()]"},{"name":"host","value":"fv-az1242-104"},{"name":"thread","value":"2566@fv-az1242-104.ForkJoinPool-1-worker-6(54)"},{"name":"framework","value":"junit-platform"},{"name":"language","value":"java"},{"name":"package","value":"tests.mobile.MobileTests"},{"name":"testClass","value":"tests.mobile.MobileTests"},{"name":"testMethod","value":"telegramBannerTest"},{"name":"suite","value":"Тестирование мобильной версии сайта"},{"name":"resultFormat","value":"allure2"}],"parameters":[],"links":[],"hidden":false,"retry":false,"extra":{"severity":"normal","retries":[],"categories":[{"name":"Product defects","matchedStatuses":[],"flaky":false}],"tags":[]},"source":"5692f2761f9e0cde.json","parameterValues":[]}